<?xml version="1.0" encoding="UTF-8"?>
<!-- Generated by org.testng.reporters.JUnitReportReporter -->
<testsuite hostname="DESKTOP-PRE91RE" failures="0" tests="1" name="tests.test_05" time="29.818" errors="0" timestamp="2024-03-11T13:51:35 IST" skipped="0">
  <testcase classname="tests.test_05" name="tc_05" time="29.818"/>
</testsuite> <!-- tests.test_05 -->
